1601205341.298278 client started (175843): version 3.0a, socket /tmp//tmux-1000/default, protocol 8
1601205341.298290 on Linux 5.4.0-7642-generic #46~1598628707~20.04~040157c-Ubuntu SMP Fri Aug 28 18:02:16 UTC ; libevent 2.1.11-stable (poll)
1601205341.298296 socket is /tmp//tmux-1000/default
1601205341.298304 trying connect
1601205341.298329 add peer 0x5582eff8d5e0: 6 ((nil))
1601205341.298379 sending message 100 to peer 0x5582eff8d5e0 (4 bytes)
1601205341.298382 sending message 101 to peer 0x5582eff8d5e0 (7 bytes)
1601205341.298384 sending message 102 to peer 0x5582eff8d5e0 (11 bytes)
1601205341.298385 sending message 108 to peer 0x5582eff8d5e0 (60 bytes)
1601205341.298387 sending message 104 to peer 0x5582eff8d5e0 (0 bytes)
1601205341.298389 sending message 107 to peer 0x5582eff8d5e0 (4 bytes)
1601205341.298391 sending message 105 to peer 0x5582eff8d5e0 (63 bytes)
1601205341.298392 sending message 105 to peer 0x5582eff8d5e0 (19 bytes)
1601205341.298394 sending message 105 to peer 0x5582eff8d5e0 (16 bytes)
1601205341.298395 sending message 105 to peer 0x5582eff8d5e0 (20 bytes)
1601205341.298397 sending message 105 to peer 0x5582eff8d5e0 (54 bytes)
1601205341.298398 sending message 105 to peer 0x5582eff8d5e0 (48 bytes)
1601205341.298400 sending message 105 to peer 0x5582eff8d5e0 (20 bytes)
1601205341.298401 sending message 105 to peer 0x5582eff8d5e0 (11 bytes)
1601205341.298403 sending message 105 to peer 0x5582eff8d5e0 (12 bytes)
1601205341.298404 sending message 105 to peer 0x5582eff8d5e0 (15 bytes)
1601205341.298406 sending message 105 to peer 0x5582eff8d5e0 (44 bytes)
1601205341.298411 sending message 105 to peer 0x5582eff8d5e0 (29 bytes)
1601205341.298413 sending message 105 to peer 0x5582eff8d5e0 (86 bytes)
1601205341.298415 sending message 105 to peer 0x5582eff8d5e0 (29 bytes)
1601205341.298416 sending message 105 to peer 0x5582eff8d5e0 (52 bytes)
1601205341.298418 sending message 105 to peer 0x5582eff8d5e0 (47 bytes)
1601205341.298435 sending message 105 to peer 0x5582eff8d5e0 (15 bytes)
1601205341.298436 sending message 105 to peer 0x5582eff8d5e0 (18 bytes)
1601205341.298438 sending message 105 to peer 0x5582eff8d5e0 (47 bytes)
1601205341.298439 sending message 105 to peer 0x5582eff8d5e0 (23 bytes)
1601205341.298441 sending message 105 to peer 0x5582eff8d5e0 (17 bytes)
1601205341.298443 sending message 105 to peer 0x5582eff8d5e0 (18 bytes)
1601205341.298444 sending message 105 to peer 0x5582eff8d5e0 (23 bytes)
1601205341.298445 sending message 105 to peer 0x5582eff8d5e0 (30 bytes)
1601205341.298447 sending message 105 to peer 0x5582eff8d5e0 (27 bytes)
1601205341.298448 sending message 105 to peer 0x5582eff8d5e0 (24 bytes)
1601205341.298450 sending message 105 to peer 0x5582eff8d5e0 (20 bytes)
1601205341.298451 sending message 105 to peer 0x5582eff8d5e0 (23 bytes)
1601205341.298453 sending message 105 to peer 0x5582eff8d5e0 (21 bytes)
1601205341.298454 sending message 105 to peer 0x5582eff8d5e0 (25 bytes)
1601205341.298456 sending message 105 to peer 0x5582eff8d5e0 (20 bytes)
1601205341.298457 sending message 105 to peer 0x5582eff8d5e0 (35 bytes)
1601205341.298459 sending message 105 to peer 0x5582eff8d5e0 (12 bytes)
1601205341.298460 sending message 105 to peer 0x5582eff8d5e0 (16 bytes)
1601205341.298462 sending message 105 to peer 0x5582eff8d5e0 (51 bytes)
1601205341.298463 sending message 105 to peer 0x5582eff8d5e0 (33 bytes)
1601205341.298465 sending message 105 to peer 0x5582eff8d5e0 (36 bytes)
1601205341.298466 sending message 105 to peer 0x5582eff8d5e0 (17 bytes)
1601205341.298468 sending message 105 to peer 0x5582eff8d5e0 (17 bytes)
1601205341.298469 sending message 105 to peer 0x5582eff8d5e0 (387 bytes)
1601205341.298471 sending message 105 to peer 0x5582eff8d5e0 (64 bytes)
1601205341.298473 sending message 105 to peer 0x5582eff8d5e0 (19 bytes)
1601205341.298474 sending message 105 to peer 0x5582eff8d5e0 (18 bytes)
1601205341.298476 sending message 105 to peer 0x5582eff8d5e0 (15 bytes)
1601205341.298477 sending message 105 to peer 0x5582eff8d5e0 (82 bytes)
1601205341.298479 sending message 105 to peer 0x5582eff8d5e0 (20 bytes)
1601205341.298484 sending message 105 to peer 0x5582eff8d5e0 (8 bytes)
1601205341.298485 sending message 105 to peer 0x5582eff8d5e0 (19 bytes)
1601205341.298487 sending message 105 to peer 0x5582eff8d5e0 (41 bytes)
1601205341.298488 sending message 105 to peer 0x5582eff8d5e0 (12 bytes)
1601205341.298490 sending message 105 to peer 0x5582eff8d5e0 (24 bytes)
1601205341.298491 sending message 105 to peer 0x5582eff8d5e0 (36 bytes)
1601205341.298493 sending message 105 to peer 0x5582eff8d5e0 (14 bytes)
1601205341.298494 sending message 105 to peer 0x5582eff8d5e0 (9 bytes)
1601205341.298496 sending message 105 to peer 0x5582eff8d5e0 (13 bytes)
1601205341.298498 sending message 105 to peer 0x5582eff8d5e0 (17 bytes)
1601205341.298499 sending message 105 to peer 0x5582eff8d5e0 (13 bytes)
1601205341.298501 sending message 105 to peer 0x5582eff8d5e0 (41 bytes)
1601205341.298502 sending message 105 to peer 0x5582eff8d5e0 (42 bytes)
1601205341.298504 sending message 105 to peer 0x5582eff8d5e0 (30 bytes)
1601205341.298505 sending message 105 to peer 0x5582eff8d5e0 (158 bytes)
1601205341.298507 sending message 105 to peer 0x5582eff8d5e0 (23 bytes)
1601205341.298509 sending message 105 to peer 0x5582eff8d5e0 (31 bytes)
1601205341.298510 sending message 105 to peer 0x5582eff8d5e0 (23 bytes)
1601205341.298512 sending message 105 to peer 0x5582eff8d5e0 (24 bytes)
1601205341.298513 sending message 105 to peer 0x5582eff8d5e0 (21 bytes)
1601205341.298514 sending message 105 to peer 0x5582eff8d5e0 (20 bytes)
1601205341.298516 sending message 105 to peer 0x5582eff8d5e0 (56 bytes)
1601205341.298518 sending message 106 to peer 0x5582eff8d5e0 (0 bytes)
1601205341.298519 sending message 200 to peer 0x5582eff8d5e0 (4 bytes)
1601205341.298521 client loop enter
1601205341.298781 peer 0x5582eff8d5e0 message 211
1601205341.298786 client_write: sessions should be nested with care, unset $TMUX to force\n
1601205341.298791 peer 0x5582eff8d5e0 message 203
1601205341.298794 client loop exit
